<?xml version="1.0" encoding="UTF-8"?>
<!-- Generated by org.testng.reporters.JUnitReportReporter -->
<testsuite hostname="LAPTOP-HV3982RC" failures="0" tests="1" name="com.store.qa.tests.AddressTest" time="0.000" errors="0" timestamp="06 Jul 2021 14:23:00 GMT" skipped="1">
  <testcase classname="com.store.qa.tests.AddressTest" name="addNewAddress" time="0.000">
    <skipped/>
  </testcase> <!-- addNewAddress -->
</testsuite> <!-- com.store.qa.tests.AddressTest -->
