<?xml version="1.0" encoding="UTF-8"?>
<!-- Generated by org.testng.reporters.JUnitReportReporter -->
<testsuite hostname="LAPTOP-HV3982RC" failures="0" tests="5" name="com.store.qa.tests.AddressTest" time="30.645" errors="0" timestamp="08 Jul 2021 10:38:58 GMT" skipped="0">
  <testcase classname="com.store.qa.tests.AddressTest" name="goToMyAddresses" time="2.151"/>
  <testcase classname="com.store.qa.tests.AddressTest" name="verifyMyAddressHeader" time="0.162"/>
  <testcase classname="com.store.qa.tests.AddressTest" name="addNewAddress" time="7.216"/>
  <testcase classname="com.store.qa.tests.AddressTest" name="addNewAddress" time="12.479"/>
  <testcase classname="com.store.qa.tests.AddressTest" name="addNewAddress" time="8.637"/>
</testsuite> <!-- com.store.qa.tests.AddressTest -->
